<?xml version="1.0" encoding="UTF-8"?>
<!-- Generated by org.testng.reporters.JUnitXMLReporter -->
<testsuite hostname="LAPTOP-AAKS8C7V" ignored="0" name="Default test" tests="5" failures="0" timestamp="2023-05-23T01:05:42 IST" time="42.928" errors="0">
  <testcase name="verifyBusPageLabelTest" time="0.986" classname="com.qa.testcases.BusPageTest"/>
  <testcase name="clickOnRoundTripTest" time="0.883" classname="com.qa.testcases.BusPageTest"/>
  <testcase name="bookYourBusTest" time="1.937" classname="com.qa.testcases.BusPageTest"/>
  <testcase name="bookYourBusTest" time="2.093" classname="com.qa.testcases.BusPageTest"/>
  <testcase name="bookYourBusTest" time="2.505" classname="com.qa.testcases.BusPageTest"/>
</testsuite> <!-- Default test -->
