<?xml version="1.0" encoding="UTF-8"?>
<testng-results skipped="0" failed="0" ignored="0" total="5" passed="5">
  <reporter-output>
  </reporter-output>
  <suite name="Default suite" duration-ms="42928" started-at="2023-05-23T01:04:59 IST" finished-at="2023-05-23T01:05:42 IST">
    <groups>
    </groups>
    <test name="Default test" duration-ms="42928" started-at="2023-05-23T01:04:59 IST" finished-at="2023-05-23T01:05:42 IST">
      <class name="com.qa.testcases.BusPageTest">
        <test-method status="PASS" signature="setUp()[pri:0, instance:com.qa.testcases.BusPageTest@6f70f32f]" name="setUp" is-config="true" duration-ms="9783" started-at="2023-05-23T01:04:59 IST" finished-at="2023-05-23T01:05:09 IST">
          <reporter-output>
          </reporter-output>
        </test-method> <!-- setUp -->
        <test-method status="PASS" signature="verifyBusPageLabelTest()[pri:1, instance:com.qa.testcases.BusPageTest@6f70f32f]" name="verifyBusPageLabelTest" duration-ms="986" started-at="2023-05-23T01:05:09 IST" finished-at="2023-05-23T01:05:10 IST">
          <reporter-output>
          </reporter-output>
        </test-method> <!-- verifyBusPageLabelTest -->
        <test-method status="PASS" signature="tearDown()[pri:0, instance:com.qa.testcases.BusPageTest@6f70f32f]" name="tearDown" is-config="true" duration-ms="718" started-at="2023-05-23T01:05:10 IST" finished-at="2023-05-23T01:05:11 IST">
          <reporter-output>
          </reporter-output>
        </test-method> <!-- tearDown -->
        <test-method status="PASS" signature="setUp()[pri:0, instance:com.qa.testcases.BusPageTest@6f70f32f]" name="setUp" is-config="true" duration-ms="5314" started-at="2023-05-23T01:05:11 IST" finished-at="2023-05-23T01:05:16 IST">
          <reporter-output>
          </reporter-output>
        </test-method> <!-- setUp -->
        <test-method status="PASS" signature="clickOnRoundTripTest()[pri:2, instance:com.qa.testcases.BusPageTest@6f70f32f]" name="clickOnRoundTripTest" duration-ms="883" started-at="2023-05-23T01:05:16 IST" finished-at="2023-05-23T01:05:17 IST">
          <reporter-output>
          </reporter-output>
        </test-method> <!-- clickOnRoundTripTest -->
        <test-method status="PASS" signature="tearDown()[pri:0, instance:com.qa.testcases.BusPageTest@6f70f32f]" name="tearDown" is-config="true" duration-ms="693" started-at="2023-05-23T01:05:17 IST" finished-at="2023-05-23T01:05:18 IST">
          <reporter-output>
          </reporter-output>
        </test-method> <!-- tearDown -->
        <test-method status="PASS" signature="setUp()[pri:0, instance:com.qa.testcases.BusPageTest@6f70f32f]" name="setUp" is-config="true" duration-ms="4848" started-at="2023-05-23T01:05:19 IST" finished-at="2023-05-23T01:05:24 IST">
          <reporter-output>
          </reporter-output>
        </test-method> <!-- setUp -->
        <test-method status="PASS" signature="bookYourBusTest(java.lang.String,java.lang.String)[pri:3, instance:com.qa.testcases.BusPageTest@6f70f32f]" name="bookYourBusTest" duration-ms="1937" started-at="2023-05-23T01:05:24 IST" data-provider="getViaTestData" finished-at="2023-05-23T01:05:26 IST">
          <params>
            <param index="0">
              <value>
                <![CDATA[Rourkela]]>
              </value>
            </param>
            <param index="1">
              <value>
                <![CDATA[Pune]]>
              </value>
            </param>
          </params>
          <reporter-output>
          </reporter-output>
        </test-method> <!-- bookYourBusTest -->
        <test-method status="PASS" signature="tearDown()[pri:0, instance:com.qa.testcases.BusPageTest@6f70f32f]" name="tearDown" is-config="true" duration-ms="672" started-at="2023-05-23T01:05:26 IST" finished-at="2023-05-23T01:05:26 IST">
          <reporter-output>
          </reporter-output>
        </test-method> <!-- tearDown -->
        <test-method status="PASS" signature="setUp()[pri:0, instance:com.qa.testcases.BusPageTest@6f70f32f]" name="setUp" is-config="true" duration-ms="4781" started-at="2023-05-23T01:05:26 IST" finished-at="2023-05-23T01:05:31 IST">
          <reporter-output>
          </reporter-output>
        </test-method> <!-- setUp -->
        <test-method status="PASS" signature="bookYourBusTest(java.lang.String,java.lang.String)[pri:3, instance:com.qa.testcases.BusPageTest@6f70f32f]" name="bookYourBusTest" duration-ms="2093" started-at="2023-05-23T01:05:31 IST" data-provider="getViaTestData" finished-at="2023-05-23T01:05:33 IST">
          <params>
            <param index="0">
              <value>
                <![CDATA[Bhubaneswar]]>
              </value>
            </param>
            <param index="1">
              <value>
                <![CDATA[Delhi]]>
              </value>
            </param>
          </params>
          <reporter-output>
          </reporter-output>
        </test-method> <!-- bookYourBusTest -->
        <test-method status="PASS" signature="tearDown()[pri:0, instance:com.qa.testcases.BusPageTest@6f70f32f]" name="tearDown" is-config="true" duration-ms="698" started-at="2023-05-23T01:05:33 IST" finished-at="2023-05-23T01:05:34 IST">
          <reporter-output>
          </reporter-output>
        </test-method> <!-- tearDown -->
        <test-method status="PASS" signature="setUp()[pri:0, instance:com.qa.testcases.BusPageTest@6f70f32f]" name="setUp" is-config="true" duration-ms="4822" started-at="2023-05-23T01:05:34 IST" finished-at="2023-05-23T01:05:39 IST">
          <reporter-output>
          </reporter-output>
        </test-method> <!-- setUp -->
        <test-method status="PASS" signature="bookYourBusTest(java.lang.String,java.lang.String)[pri:3, instance:com.qa.testcases.BusPageTest@6f70f32f]" name="bookYourBusTest" duration-ms="2505" started-at="2023-05-23T01:05:39 IST" data-provider="getViaTestData" finished-at="2023-05-23T01:05:41 IST">
          <params>
            <param index="0">
              <value>
                <![CDATA[Mumbai]]>
              </value>
            </param>
            <param index="1">
              <value>
                <![CDATA[Goa]]>
              </value>
            </param>
          </params>
          <reporter-output>
          </reporter-output>
        </test-method> <!-- bookYourBusTest -->
        <test-method status="PASS" signature="tearDown()[pri:0, instance:com.qa.testcases.BusPageTest@6f70f32f]" name="tearDown" is-config="true" duration-ms="716" started-at="2023-05-23T01:05:41 IST" finished-at="2023-05-23T01:05:42 IST">
          <reporter-output>
          </reporter-output>
        </test-method> <!-- tearDown -->
      </class> <!-- com.qa.testcases.BusPageTest -->
    </test> <!-- Default test -->
  </suite> <!-- Default suite -->
</testng-results>
