<?xml version="1.0" encoding="UTF-8"?>
<!-- Generated by org.testng.reporters.JUnitXMLReporter -->
<testsuite hostname="LAPTOP-AAKS8C7V" ignored="1" name="combined classes" tests="11" failures="0" timestamp="2023-03-24T00:19:41 IST" time="20.149" errors="0">
  <testcase name="sum" time="0.031" classname="com.TestNgBasics.invocationCount"/>
  <testcase name="sum" time="0.0" classname="com.TestNgBasics.invocationCount"/>
  <testcase name="sum" time="0.0" classname="com.TestNgBasics.invocationCount"/>
  <testcase name="sum" time="0.0" classname="com.TestNgBasics.invocationCount"/>
  <testcase name="sum" time="0.0" classname="com.TestNgBasics.invocationCount"/>
  <testcase name="sum" time="0.0" classname="com.TestNgBasics.invocationCount"/>
  <testcase name="sum" time="0.0" classname="com.TestNgBasics.invocationCount"/>
  <testcase name="sum" time="0.015" classname="com.TestNgBasics.invocationCount"/>
  <testcase name="sum" time="0.0" classname="com.TestNgBasics.invocationCount"/>
  <testcase name="sum" time="0.031" classname="com.TestNgBasics.invocationCount"/>
  <testcase name="googleTitleTest" time="0.109" classname="com.TestNgBasics.GoogleTitleTest_2"/>
  <testcase name="googleLogoTest" time="0.0" classname="com.TestNgBasics.GoogleTitleTest_2">
    <ignored/>
  </testcase> <!-- googleLogoTest -->
</testsuite> <!-- combined classes -->
