<?xml version="1.0" encoding="UTF-8"?>
<!-- Generated by org.testng.reporters.JUnitXMLReporter -->
<testsuite hostname="LAPTOP-AAKS8C7V" ignored="0" name="VIA App Test Cases" tests="11" failures="1" timestamp="2023-05-21T22:59:02 IST" time="145.797" errors="0">
  <testcase name="loginPageTitleTest" time="0.1" classname="com.qa.testcases.LoginPageTest"/>
  <testcase name="viaLogoImageTest" time="0.179" classname="com.qa.testcases.LoginPageTest"/>
  <testcase name="loginTest" time="2.312" classname="com.qa.testcases.LoginPageTest"/>
  <testcase name="verifyHomePageTitleTest" time="0.248" classname="com.qa.testcases.HomePageTest"/>
  <testcase name="verifyHomePageLogoTest" time="0.291" classname="com.qa.testcases.HomePageTest"/>
  <testcase name="verifyBusLinkTest" time="0.169" classname="com.qa.testcases.HomePageTest"/>
  <testcase name="verifyBusPageLabelTest" time="2.419" classname="com.qa.testcases.BusPageTest"/>
  <testcase name="clickOnRoundTripTest" time="1.821" classname="com.qa.testcases.BusPageTest"/>
  <testcase name="bookYourBusTest" time="3.696" classname="com.qa.testcases.BusPageTest"/>
  <testcase name="bookYourBusTest" time="4.961" classname="com.qa.testcases.BusPageTest">
    <failure type="java.lang.NullPointerException">
      <![CDATA[java.lang.NullPointerException
at com.qa.util.TestUtil.takeScreenshotAtEndOfTest(TestUtil.java:57)
at com.qa.util.WebEventListener.onException(WebEventListener.java:67)
at org.openqa.selenium.support.events.EventFiringWebDriver.lambda$new$0(EventFiringWebDriver.java:85)
at com.sun.proxy.$Proxy12.onException(Unknown Source)
at org.openqa.selenium.support.events.EventFiringWebDriver$EventFiringWebElement.lambda$new$0(EventFiringWebDriver.java:380)
at com.sun.proxy.$Proxy25.sendKeys(Unknown Source)
at org.openqa.selenium.support.events.EventFiringWebDriver$EventFiringWebElement.sendKeys(EventFiringWebDriver.java:403)
at org.openqa.selenium.support.pagefactory.internal.LocatingElementHandler.invoke(LocatingElementHandler.java:52)
at com.sun.proxy.$Proxy17.sendKeys(Unknown Source)
at com.qa.pages.BusPage.bookYourBus(BusPage.java:40)
at com.qa.testcases.BusPageTest.bookYourBusTest(BusPageTest.java:62)
at java.util.ArrayList.forEach(Unknown Source)
... Removed 34 stack frames]]>
    </failure>
  </testcase> <!-- bookYourBusTest -->
  <testcase name="bookYourBusTest" time="3.549" classname="com.qa.testcases.BusPageTest"/>
</testsuite> <!-- VIA App Test Cases -->
